#
# There is insufficient memory for the Java Runtime Environment to continue.
# Native memory allocation (malloc) failed to allocate 42256 bytes for Chunk::new
# Possible reasons:
#   The system is out of physical RAM or swap space
#   In 32 bit mode, the process size limit was hit
# Possible solutions:
#   Reduce memory load on the system
#   Increase physical memory or swap space
#   Check if swap backing store is full
#   Use 64 bit Java on a 64 bit OS
#   Decrease Java heap size (-Xmx/-Xms)
#   Decrease number of Java threads
#   Decrease Java thread stack sizes (-Xss)
#   Set larger code cache with -XX:ReservedCodeCacheSize=
# This output file may be truncated or incomplete.
#
#  Out of Memory Error (allocation.cpp:388), pid=9896, tid=10204
#
# JRE version: Java(TM) SE Runtime Environment (8.0-b127) (build 1.8.0-b127)
# Java VM: Java HotSpot(TM) 64-Bit Server VM (25.0-b69 mixed mode windows-amd64 compressed oops)
# Failed to write core dump. Minidumps are not enabled by default on client versions of Windows
#

---------------  T H R E A D  ---------------

Current thread (0x000000001505a800):  JavaThread "C2 CompilerThread0" daemon [_thread_in_native, id=10204, stack(0x00000000165b0000,0x00000000166b0000)]

Stack: [0x00000000165b0000,0x00000000166b0000]
Native frames: (J=compiled Java code, j=interpreted, Vv=VM code, C=native code)
V  [jvm.dll+0x308cba]


Current CompileTask:
C2:    489  797       4       com.android.dx.rop.cst.CstString::utf8BytesToString (391 bytes)


---------------  P R O C E S S  ---------------

Java Threads: ( => current thread )
  0x0000000016b9b000 JavaThread "pool-2-thread-4" [_thread_blocked, id=9372, stack(0x0000000017ab0000,0x0000000017bb0000)]
  0x0000000016b0e800 JavaThread "pool-2-thread-3" [_thread_in_Java, id=3576, stack(0x00000000179b0000,0x0000000017ab0000)]
  0x0000000016b0e000 JavaThread "pool-2-thread-2" [_thread_blocked, id=9880, stack(0x00000000178b0000,0x00000000179b0000)]
  0x0000000016b0c800 JavaThread "pool-3-thread-1" [_thread_blocked, id=7356, stack(0x00000000177b0000,0x00000000178b0000)]
  0x0000000016b0c000 JavaThread "pool-2-thread-1" [_thread_blocked, id=6300, stack(0x00000000176b0000,0x00000000177b0000)]
  0x00000000168c5000 JavaThread "Service Thread" daemon [_thread_blocked, id=7072, stack(0x0000000016cb0000,0x0000000016db0000)]
  0x000000001504d800 JavaThread "C1 CompilerThread2" daemon [_thread_in_native, id=3308, stack(0x00000000167b0000,0x00000000168b0000)]
  0x000000001505c800 JavaThread "C2 CompilerThread1" daemon [_thread_in_native, id=7000, stack(0x00000000166b0000,0x00000000167b0000)]
=>0x000000001505a800 JavaThread "C2 CompilerThread0" daemon [_thread_in_native, id=10204, stack(0x00000000165b0000,0x00000000166b0000)]
  0x0000000015059000 JavaThread "Attach Listener" daemon [_thread_blocked, id=7484, stack(0x00000000164b0000,0x00000000165b0000)]
  0x0000000015057800 JavaThread "Signal Dispatcher" daemon [_thread_blocked, id=8072, stack(0x00000000163b0000,0x00000000164b0000)]
  0x0000000002975800 JavaThread "Finalizer" daemon [_thread_blocked, id=9820, stack(0x00000000162b0000,0x00000000163b0000)]
  0x000000000296c800 JavaThread "Reference Handler" daemon [_thread_blocked, id=6540, stack(0x00000000161b0000,0x00000000162b0000)]
  0x000000000287d800 JavaThread "main" [_thread_in_Java, id=7060, stack(0x00000000026e0000,0x00000000027e0000)]

Other Threads:
  0x0000000015016800 VMThread [stack: 0x00000000160b0000,0x00000000161b0000] [id=5320]
  0x00000000168d8000 WatcherThread [stack: 0x0000000016db0000,0x0000000016eb0000] [id=5884]

VM state:not at safepoint (normal execution)

VM Mutex/Monitor currently owned by a thread: None

Heap:
 PSYoungGen      total 9216K, used 4140K [0x00000000eab00000, 0x00000000eb700000, 0x0000000100000000)
  eden space 7680K, 34% used [0x00000000eab00000,0x00000000ead91768,0x00000000eb280000)
  from space 1536K, 98% used [0x00000000eb480000,0x00000000eb5f9c68,0x00000000eb600000)
  to   space 2048K, 0% used [0x00000000eb280000,0x00000000eb280000,0x00000000eb480000)
 ParOldGen       total 129536K, used 1417K [0x00000000c0000000, 0x00000000c7e80000, 0x00000000eab00000)
  object space 129536K, 1% used [0x00000000c0000000,0x00000000c0162630,0x00000000c7e80000)
 Metaspace       used 5511K, capacity 6576K, committed 6784K, reserved 1056768K
  class space    used 583K, capacity 616K, committed 640K, reserved 1048576K

Card table byte_map: [0x0000000011d40000,0x0000000011f50000] byte_map_base: 0x0000000011740000

Marking Bits: (ParMarkBitMap*) 0x000000006a6213b0
 Begin Bits: [0x00000000124b0000, 0x00000000134b0000)
 End Bits:   [0x00000000134b0000, 0x00000000144b0000)

Polling page: 0x0000000000f90000

CodeCache: size=245760Kb used=2874Kb max_used=2885Kb free=242885Kb
 bounds [0x0000000002980000, 0x0000000002c60000, 0x0000000011980000]
 total_blobs=1035 nmethods=771 adapters=178
 compilation: enabled

Compilation events (10 events):
Event: 0.471 Thread 0x000000001505a800 nmethod 788 0x0000000002c3ad90 code [0x0000000002c3aee0, 0x0000000002c3afd8]
Event: 0.471 Thread 0x000000001505a800  787       4       com.android.dx.ssa.SsaMethod::getDefinitionForRegister (61 bytes)
Event: 0.474 Thread 0x000000001504d800 nmethod 763 0x0000000002c4ccd0 code [0x0000000002c4d2a0, 0x0000000002c51938]
Event: 0.474 Thread 0x000000001504d800  762   !   3       com.android.dx.cf.code.RopperMachine::run (1550 bytes)
Event: 0.474 Thread 0x000000001505a800 nmethod 787 0x0000000002c34210 code [0x0000000002c34380, 0x0000000002c345c8]
Event: 0.474 Thread 0x000000001505a800  789       4       com.android.dx.rop.cst.Constant::compareTo (33 bytes)
Event: 0.475 Thread 0x000000001505a800 nmethod 789 0x0000000002c4b210 code [0x0000000002c4b360, 0x0000000002c4b418]
Event: 0.477 Thread 0x000000001505a800  796       4       java.util.Arrays::copyOf (46 bytes)
Event: 0.479 Thread 0x000000001505a800 nmethod 796 0x0000000002c361d0 code [0x0000000002c36320, 0x0000000002c364b8]
Event: 0.480 Thread 0x000000001505a800  797       4       com.android.dx.rop.cst.CstString::utf8BytesToString (391 bytes)

GC Heap History (10 events):
Event: 0.128 GC heap before
{Heap before GC invocations=4 (full 0):
 PSYoungGen      total 1536K, used 1520K [0x00000000eab00000, 0x00000000eae00000, 0x0000000100000000)
  eden space 1024K, 100% used [0x00000000eab00000,0x00000000eac00000,0x00000000eac00000)
  from space 512K, 96% used [0x00000000eac00000,0x00000000eac7c010,0x00000000eac80000)
  to   space 512K, 0% used [0x00000000ead80000,0x00000000ead80000,0x00000000eae00000)
 ParOldGen       total 129536K, used 387K [0x00000000c0000000, 0x00000000c7e80000, 0x00000000eab00000)
  object space 129536K, 0% used [0x00000000c0000000,0x00000000c0060de8,0x00000000c7e80000)
 Metaspace       used 3412K, capacity 4720K, committed 4864K, reserved 1056768K
  class space    used 374K, capacity 424K, committed 512K, reserved 1048576K
Event: 0.129 GC heap after
Heap after GC invocations=4 (full 0):
 PSYoungGen      total 2560K, used 496K [0x00000000eab00000, 0x00000000eae00000, 0x0000000100000000)
  eden space 2048K, 0% used [0x00000000eab00000,0x00000000eab00000,0x00000000ead00000)
  from space 512K, 96% used [0x00000000ead80000,0x00000000eadfc010,0x00000000eae00000)
  to   space 512K, 0% used [0x00000000ead00000,0x00000000ead00000,0x00000000ead80000)
 ParOldGen       total 129536K, used 419K [0x00000000c0000000, 0x00000000c7e80000, 0x00000000eab00000)
  object space 129536K, 0% used [0x00000000c0000000,0x00000000c0068de8,0x00000000c7e80000)
 Metaspace       used 3412K, capacity 4720K, committed 4864K, reserved 1056768K
  class space    used 374K, capacity 424K, committed 512K, reserved 1048576K
}
Event: 0.136 GC heap before
{Heap before GC invocations=5 (full 0):
 PSYoungGen      total 2560K, used 2544K [0x00000000eab00000, 0x00000000eae00000, 0x0000000100000000)
  eden space 2048K, 100% used [0x00000000eab00000,0x00000000ead00000,0x00000000ead00000)
  from space 512K, 96% used [0x00000000ead80000,0x00000000eadfc010,0x00000000eae00000)
  to   space 512K, 0% used [0x00000000ead00000,0x00000000ead00000,0x00000000ead80000)
 ParOldGen       total 129536K, used 419K [0x00000000c0000000, 0x00000000c7e80000, 0x00000000eab00000)
  object space 129536K, 0% used [0x00000000c0000000,0x00000000c0068de8,0x00000000c7e80000)
 Metaspace       used 3417K, capacity 4720K, committed 4864K, reserved 1056768K
  class space    used 374K, capacity 424K, committed 512K, reserved 1048576K
Event: 0.137 GC heap after
Heap after GC invocations=5 (full 0):
 PSYoungGen      total 2560K, used 512K [0x00000000eab00000, 0x00000000eb100000, 0x0000000100000000)
  eden space 2048K, 0% used [0x00000000eab00000,0x00000000eab00000,0x00000000ead00000)
  from space 512K, 100% used [0x00000000ead00000,0x00000000ead80000,0x00000000ead80000)
  to   space 1024K, 0% used [0x00000000eb000000,0x00000000eb000000,0x00000000eb100000)
 ParOldGen       total 129536K, used 419K [0x00000000c0000000, 0x00000000c7e80000, 0x00000000eab00000)
  object space 129536K, 0% used [0x00000000c0000000,0x00000000c0068de8,0x00000000c7e80000)
 Metaspace       used 3417K, capacity 4720K, committed 4864K, reserved 1056768K
  class space    used 374K, capacity 424K, committed 512K, reserved 1048576K
}
Event: 0.195 GC heap before
{Heap before GC invocations=6 (full 0):
 PSYoungGen      total 2560K, used 2560K [0x00000000eab00000, 0x00000000eb100000, 0x0000000100000000)
  eden space 2048K, 100% used [0x00000000eab00000,0x00000000ead00000,0x00000000ead00000)
  from space 512K, 100% used [0x00000000ead00000,0x00000000ead80000,0x00000000ead80000)
  to   space 1024K, 0% used [0x00000000eb000000,0x00000000eb000000,0x00000000eb100000)
 ParOldGen       total 129536K, used 419K [0x00000000c0000000, 0x00000000c7e80000, 0x00000000eab00000)
  object space 129536K, 0% used [0x00000000c0000000,0x00000000c0068de8,0x00000000c7e80000)
 Metaspace       used 3797K, capacity 5104K, committed 5376K, reserved 1056768K
  class space    used 429K, capacity 488K, committed 512K, reserved 1048576K
Event: 0.197 GC heap after
Heap after GC invocations=6 (full 0):
 PSYoungGen      total 5120K, used 938K [0x00000000eab00000, 0x00000000eb100000, 0x0000000100000000)
  eden space 4096K, 0% used [0x00000000eab00000,0x00000000eab00000,0x00000000eaf00000)
  from space 1024K, 91% used [0x00000000eb000000,0x00000000eb0eaa90,0x00000000eb100000)
  to   space 1024K, 0% used [0x00000000eaf00000,0x00000000eaf00000,0x00000000eb000000)
 ParOldGen       total 129536K, used 427K [0x00000000c0000000, 0x00000000c7e80000, 0x00000000eab00000)
  object space 129536K, 0% used [0x00000000c0000000,0x00000000c006ade8,0x00000000c7e80000)
 Metaspace       used 3797K, capacity 5104K, committed 5376K, reserved 1056768K
  class space    used 429K, capacity 488K, committed 512K, reserved 1048576K
}
Event: 0.296 GC heap before
{Heap before GC invocations=7 (full 0):
 PSYoungGen      total 5120K, used 5034K [0x00000000eab00000, 0x00000000eb100000, 0x0000000100000000)
  eden space 4096K, 100% used [0x00000000eab00000,0x00000000eaf00000,0x00000000eaf00000)
  from space 1024K, 91% used [0x00000000eb000000,0x00000000eb0eaa90,0x00000000eb100000)
  to   space 1024K, 0% used [0x00000000eaf00000,0x00000000eaf00000,0x00000000eb000000)
 ParOldGen       total 129536K, used 427K [0x00000000c0000000, 0x00000000c7e80000, 0x00000000eab00000)
  object space 129536K, 0% used [0x00000000c0000000,0x00000000c006ade8,0x00000000c7e80000)
 Metaspace       used 4991K, capacity 6160K, committed 6272K, reserved 1056768K
  class space    used 553K, capacity 584K, committed 640K, reserved 1048576K
Event: 0.298 GC heap after
Heap after GC invocations=7 (full 0):
 PSYoungGen      total 5120K, used 1014K [0x00000000eab00000, 0x00000000eb600000, 0x0000000100000000)
  eden space 4096K, 0% used [0x00000000eab00000,0x00000000eab00000,0x00000000eaf00000)
  from space 1024K, 99% used [0x00000000eaf00000,0x00000000eaffd8a0,0x00000000eb000000)
  to   space 1536K, 0% used [0x00000000eb480000,0x00000000eb480000,0x00000000eb600000)
 ParOldGen       total 129536K, used 1265K [0x00000000c0000000, 0x00000000c7e80000, 0x00000000eab00000)
  object space 129536K, 0% used [0x00000000c0000000,0x00000000c013c688,0x00000000c7e80000)
 Metaspace       used 4991K, capacity 6160K, committed 6272K, reserved 1056768K
  class space    used 553K, capacity 584K, committed 640K, reserved 1048576K
}
Event: 0.382 GC heap before
{Heap before GC invocations=8 (full 0):
 PSYoungGen      total 5120K, used 5110K [0x00000000eab00000, 0x00000000eb600000, 0x0000000100000000)
  eden space 4096K, 100% used [0x00000000eab00000,0x00000000eaf00000,0x00000000eaf00000)
  from space 1024K, 99% used [0x00000000eaf00000,0x00000000eaffd8a0,0x00000000eb000000)
  to   space 1536K, 0% used [0x00000000eb480000,0x00000000eb480000,0x00000000eb600000)
 ParOldGen       total 129536K, used 1265K [0x00000000c0000000, 0x00000000c7e80000, 0x00000000eab00000)
  object space 129536K, 0% used [0x00000000c0000000,0x00000000c013c688,0x00000000c7e80000)
 Metaspace       used 5393K, capacity 6512K, committed 6784K, reserved 1056768K
  class space    used 581K, capacity 616K, committed 640K, reserved 1048576K
Event: 0.385 GC heap after
Heap after GC invocations=8 (full 0):
 PSYoungGen      total 9216K, used 1511K [0x00000000eab00000, 0x00000000eb700000, 0x0000000100000000)
  eden space 7680K, 0% used [0x00000000eab00000,0x00000000eab00000,0x00000000eb280000)
  from space 1536K, 98% used [0x00000000eb480000,0x00000000eb5f9c68,0x00000000eb600000)
  to   space 2048K, 0% used [0x00000000eb280000,0x00000000eb280000,0x00000000eb480000)
 ParOldGen       total 129536K, used 1417K [0x00000000c0000000, 0x00000000c7e80000, 0x00000000eab00000)
  object space 129536K, 1% used [0x00000000c0000000,0x00000000c0162630,0x00000000c7e80000)
 Metaspace       used 5393K, capacity 6512K, committed 6784K, reserved 1056768K
  class space    used 581K, capacity 616K, committed 640K, reserved 1048576K
}

Deoptimization events (1 events):
Event: 0.386 Thread 0x0000000016b0c000 Uncommon trap: reason=class_check action=maybe_recompile pc=0x0000000002bc1e30 method=com.android.dx.ssa.NormalSsaInsn.accept(Lcom/android/dx/ssa/SsaInsn$Visitor;)V @ 9

Internal exceptions (10 events):
Event: 0.319 Thread 0x0000000016b0e000 Exception <a 'java/security/PrivilegedActionException'> (0x00000000eabfc040) thrown at [C:\re\workspace\8-2-build-windows-amd64-cygwin\jdk8\1725\hotspot\src\share\vm\prims\jvm.cpp, line 1248]
Event: 0.320 Thread 0x0000000016b0e000 Exception <a 'java/security/PrivilegedActionException'> (0x00000000eac13f18) thrown at [C:\re\workspace\8-2-build-windows-amd64-cygwin\jdk8\1725\hotspot\src\share\vm\prims\jvm.cpp, line 1248]
Event: 0.321 Thread 0x0000000016b0e800 Exception <a 'java/security/PrivilegedActionException'> (0x00000000eac09f80) thrown at [C:\re\workspace\8-2-build-windows-amd64-cygwin\jdk8\1725\hotspot\src\share\vm\prims\jvm.cpp, line 1248]
Event: 0.325 Thread 0x0000000016b0e000 Exception <a 'java/security/PrivilegedActionException'> (0x00000000eac3f170) thrown at [C:\re\workspace\8-2-build-windows-amd64-cygwin\jdk8\1725\hotspot\src\share\vm\prims\jvm.cpp, line 1248]
Event: 0.328 Thread 0x0000000016b0e800 Exception <a 'java/security/PrivilegedActionException'> (0x00000000eac86eb8) thrown at [C:\re\workspace\8-2-build-windows-amd64-cygwin\jdk8\1725\hotspot\src\share\vm\prims\jvm.cpp, line 1248]
Event: 0.332 Thread 0x000000000287d800 Exception <a 'java/security/PrivilegedActionException'> (0x00000000eac76768) thrown at [C:\re\workspace\8-2-build-windows-amd64-cygwin\jdk8\1725\hotspot\src\share\vm\prims\jvm.cpp, line 1248]
Event: 0.337 Thread 0x0000000016b0e800 Exception <a 'java/security/PrivilegedActionException'> (0x00000000eace09c0) thrown at [C:\re\workspace\8-2-build-windows-amd64-cygwin\jdk8\1725\hotspot\src\share\vm\prims\jvm.cpp, line 1248]
Event: 0.349 Thread 0x000000000287d800 Exception <a 'java/security/PrivilegedActionException'> (0x00000000ead6abf8) thrown at [C:\re\workspace\8-2-build-windows-amd64-cygwin\jdk8\1725\hotspot\src\share\vm\prims\jvm.cpp, line 1248]
Event: 0.358 Thread 0x0000000016b0e000 Exception <a 'java/security/PrivilegedActionException'> (0x00000000eadac300) thrown at [C:\re\workspace\8-2-build-windows-amd64-cygwin\jdk8\1725\hotspot\src\share\vm\prims\jvm.cpp, line 1248]
Event: 0.362 Thread 0x000000000287d800 Exception <a 'java/security/PrivilegedActionException'> (0x00000000eadf2238) thrown at [C:\re\workspace\8-2-build-windows-amd64-cygwin\jdk8\1725\hotspot\src\share\vm\prims\jvm.cpp, line 1248]

Events (10 events):
Event: 0.358 loading class com/android/dx/ssa/back/FirstFitLocalCombiningAllocator$Multiset done
Event: 0.362 loading class com/android/dx/cf/attrib/AttExceptions
Event: 0.362 loading class com/android/dx/cf/attrib/AttExceptions done
Event: 0.380 loading class java/util/ArrayList$1
Event: 0.380 loading class java/util/ArrayList$1 done
Event: 0.382 Executing VM operation: ParallelGCFailedAllocation
Event: 0.385 Executing VM operation: ParallelGCFailedAllocation done
Event: 0.386 Thread 0x0000000016b0c000 Uncommon trap: trap_request=0xffffffde fr.pc=0x0000000002bc1e30
Event: 0.386 Thread 0x0000000016b0c000 DEOPT PACKING pc=0x0000000002bc1e30 sp=0x00000000177ae650
Event: 0.386 Thread 0x0000000016b0c000 DEOPT UNPACKING pc=0x00000000029c55af sp=0x00000000177ae5e0 mode 2


Dynamic libraries:
0x00007ff6d2a70000 - 0x00007ff6d2aa4000 	C:\Program Files\Java\jdk1.8.0\bin\java.exe
0x00007ffce2a50000 - 0x00007ffce2bfd000 	C:\Windows\SYSTEM32\ntdll.dll
0x00007ffce00d0000 - 0x00007ffce020e000 	C:\Windows\system32\KERNEL32.DLL
0x00007ffcdfcc0000 - 0x00007ffcdfdd5000 	C:\Windows\system32\KERNELBASE.dll
0x00007ffcde6f0000 - 0x00007ffcde77e000 	C:\Windows\system32\apphelp.dll
0x00007ffcc1e50000 - 0x00007ffcc1ea3000 	C:\Windows\AppPatch\AppPatch64\AcGenral.DLL
0x00007ffce1cf0000 - 0x00007ffce1d9a000 	C:\Windows\system32\msvcrt.dll
0x00007ffcdfc90000 - 0x00007ffcdfcbe000 	C:\Windows\system32\SspiCli.dll
0x00007ffce05b0000 - 0x00007ffce0604000 	C:\Windows\system32\SHLWAPI.dll
0x00007ffce03c0000 - 0x00007ffce0537000 	C:\Windows\system32\USER32.dll
0x00007ffce1b40000 - 0x00007ffce1cd4000 	C:\Windows\system32\ole32.dll
0x00007ffce0610000 - 0x00007ffce1b38000 	C:\Windows\system32\SHELL32.dll
0x00007ffcdf140000 - 0x00007ffcdf161000 	C:\Windows\SYSTEM32\USERENV.dll
0x00007ffce29a0000 - 0x00007ffce2a4a000 	C:\Windows\system32\ADVAPI32.dll
0x00007ffcd3290000 - 0x00007ffcd32ae000 	C:\Windows\SYSTEM32\MPR.dll
0x00007ffce26a0000 - 0x00007ffce27e0000 	C:\Windows\system32\RPCRT4.dll
0x00007ffce0360000 - 0x00007ffce03b9000 	C:\Windows\SYSTEM32\sechost.dll
0x00007ffce1fb0000 - 0x00007ffce21c1000 	C:\Windows\SYSTEM32\combase.dll
0x00007ffce0210000 - 0x00007ffce035f000 	C:\Windows\system32\GDI32.dll
0x00007ffcdfb70000 - 0x00007ffcdfb85000 	C:\Windows\SYSTEM32\profapi.dll
0x00007ffcddef0000 - 0x00007ffcddfa2000 	C:\Windows\SYSTEM32\SHCORE.dll
0x00007ffce2660000 - 0x00007ffce2696000 	C:\Windows\system32\IMM32.DLL
0x00007ffce23c0000 - 0x00007ffce2512000 	C:\Windows\system32\MSCTF.dll
0x00007ffcdbfc0000 - 0x00007ffcdc23b000 	C:\Windows\WinSxS\amd64_microsoft.windows.common-controls_6595b64144ccf1df_6.0.9600.18006_none_623f33d3ecbe86e8\COMCTL32.dll
0x0000000069960000 - 0x0000000069a32000 	C:\Program Files\Java\jdk1.8.0\jre\bin\msvcr100.dll
0x0000000069e70000 - 0x000000006a69a000 	C:\Program Files\Java\jdk1.8.0\jre\bin\server\jvm.dll
0x00007ffcd5150000 - 0x00007ffcd5159000 	C:\Windows\SYSTEM32\WSOCK32.dll
0x00007ffcdbb80000 - 0x00007ffcdbba2000 	C:\Windows\SYSTEM32\WINMM.dll
0x00007ffce25f0000 - 0x00007ffce25f7000 	C:\Windows\system32\PSAPI.DLL
0x00007ffce1db0000 - 0x00007ffce1e0a000 	C:\Windows\system32\WS2_32.dll
0x00007ffcdbb40000 - 0x00007ffcdbb6a000 	C:\Windows\SYSTEM32\WINMMBASE.dll
0x00007ffce23b0000 - 0x00007ffce23b9000 	C:\Windows\system32\NSI.dll
0x00007ffcdfc40000 - 0x00007ffcdfc8f000 	C:\Windows\SYSTEM32\cfgmgr32.dll
0x00007ffcde960000 - 0x00007ffcde988000 	C:\Windows\SYSTEM32\DEVOBJ.dll
0x000000006aee0000 - 0x000000006aeef000 	C:\Program Files\Java\jdk1.8.0\jre\bin\verify.dll
0x000000006aeb0000 - 0x000000006aed8000 	C:\Program Files\Java\jdk1.8.0\jre\bin\java.dll
0x000000006ae90000 - 0x000000006aea6000 	C:\Program Files\Java\jdk1.8.0\jre\bin\zip.dll

VM Arguments:
jvm_args: -Djava.awt.headless=true -Xmx1024M -Dfile.encoding=windows-1252 -Duser.country=IN -Duser.language=en -Duser.variant 
java_command: com.android.dx.command.Main --dex --force-jumbo --num-threads=4 --multi-dex --output C:\Nnotes1\app\build\intermediates\transforms\dex\debug\folders\1000\10\internal_impl-24.2.0_ff6c99d4fa1fac95d849e7f5e98720b493806511 C:\Nnotes1\app\build\intermediates\exploded-aar\com.android.support\support-compat\24.2.0\jars\libs\internal_impl-24.2.0.jar
java_class_path (initial): C:\Users\Nayan J\AppData\Local\Android\Sdk\build-tools\24.0.2\lib\dx.jar
Launcher Type: SUN_STANDARD

Environment Variables:
JAVA_HOME=C:\Program Files\Java\jdk1.8.0
JRE_HOME=C:\Program Files\Java\jre8
CLASSPATH=C:\oraclexe\app\oracle\product\11.2.0\server\jdbc\lib\ojdbc6.jar;E:\java\Tomcat8.0\lib\servlet-api.jar;E:\java\mysql-connector-java-5.1.39\mysql-connector-java-5.1.39-bin.jar;.;
PATH=C:\Program Files (x86)\PHP\;C:\oraclexe\app\oracle\product\11.2.0\server\bin;;C:\Python34\Lib\site-packages\PyQt4;C:\Python34\;C:\Python34\Scripts;C:\Program Files (x86)\Intel\iCLS Client\;C:\Program Files\Intel\iCLS Client\;C:\Windows\system32;C:\Windows;C:\Windows\System32\Wbem;C:\Windows\System32\WindowsPowerShell\v1.0\;C:\Program Files\Intel\Intel(R) Management Engine Components\DAL;C:\Program Files (x86)\Intel\Intel(R) Management Engine Components\DAL;C:\Program Files\Intel\Intel(R) Management Engine Components\IPT;C:\Program Files (x86)\Intel\Intel(R) Management Engine Components\IPT;C:\Program Files\Intel\WiFi\bin\;C:\Program Files\Common Files\Intel\WirelessCommon\;C:\Program Files\Java\jdk1.8.0\bin;C:\Program Files\Java\jdk1.7.0_51\bin;C:\Windows\system32\config\systemprofile\.dnx\bin;C:\Program Files\Microsoft DNX\Dnvm\;C:\Program Files (x86)\Windows Kits\8.1\Windows Performance Toolkit\;C:\Program Files (x86)\Brackets\command;C:\Users\Nayan J\AppData\Local\Programs\Python\Python35-32;C:\oraclexe\app\oracle\product\10.2.0\server\jdbc\lib\ojdbc14.jar;C:\Users\Nayan J\Downloads\Compressed\mysql-connector-java-5.1.39\mysql-connector-java-5.1.39\mysql-connector-java-5.1.39-bin.jar;C:\Program Files (x86)\nodejs\;E:\Python\electron-v1.2.5-win32-ia32_3\;C:\Program Files (x86)\CodeBlocks\MinGW\bin\;C:\php;\;C:\Program Files\MySQL\MySQL Server 5.5\bin;C:\Program Files (x86)\Microsoft VS Code\bin;C:\Users\Nayan J\AppData\Local\atom\bin;C:\Users\Nayan J\AppData\Roaming\npm;E:\Python\electron-v1.2.5-win32-ia32_3\;C:\Android\sdk\platform-tools;C:\Android\sdk\tools;
USERNAME=Nayan J
OS=Windows_NT
PROCESSOR_IDENTIFIER=Intel64 Family 6 Model 61 Stepping 4, GenuineIntel



---------------  S Y S T E M  ---------------

OS: Windows 8.1 , 64 bit Build 9600 

CPU:total 4 (2 cores per cpu, 2 threads per core) family 6 model 61 stepping 4, cmov, cx8, fxsr, mmx, sse, sse2, sse3, ssse3, sse4.1, sse4.2, popcnt, avx, avx2, aes, clmul, erms, ht, tsc, tscinvbit

Memory: 4k page, physical 8296948k(1028100k free), swap 11442676k(5128k free)

vm_info: Java HotSpot(TM) 64-Bit Server VM (25.0-b69) for windows-amd64 JRE (1.8.0-b127), built on Jan 30 2014 02:37:46 by "java_re" with MS VC++ 10.0 (VS2010)

time: Mon Apr 10 02:29:12 2017
elapsed time: 0 seconds

