#
# There is insufficient memory for the Java Runtime Environment to continue.
# Native memory allocation (malloc) failed to allocate 32744 bytes for ChunkPool::allocate
# Possible reasons:
#   The system is out of physical RAM or swap space
#   In 32 bit mode, the process size limit was hit
# Possible solutions:
#   Reduce memory load on the system
#   Increase physical memory or swap space
#   Check if swap backing store is full
#   Use 64 bit Java on a 64 bit OS
#   Decrease Java heap size (-Xmx/-Xms)
#   Decrease number of Java threads
#   Decrease Java thread stack sizes (-Xss)
#   Set larger code cache with -XX:ReservedCodeCacheSize=
# This output file may be truncated or incomplete.
#
#  Out of Memory Error (allocation.cpp:271), pid=11080, tid=3592
#
# JRE version: Java(TM) SE Runtime Environment (8.0-b127) (build 1.8.0-b127)
# Java VM: Java HotSpot(TM) 64-Bit Server VM (25.0-b69 mixed mode windows-amd64 compressed oops)
# Failed to write core dump. Minidumps are not enabled by default on client versions of Windows
#

---------------  T H R E A D  ---------------

Current thread (0x000000001493b000):  JavaThread "C2 CompilerThread0" daemon [_thread_in_native, id=3592, stack(0x0000000015e80000,0x0000000015f80000)]

Stack: [0x0000000015e80000,0x0000000015f80000]
Native frames: (J=compiled Java code, j=interpreted, Vv=VM code, C=native code)
V  [jvm.dll+0x308cba]
V  [jvm.dll+0x25def1]
V  [jvm.dll+0x25eb0f]
V  [jvm.dll+0x256515]
V  [jvm.dll+0xbcdf1]
V  [jvm.dll+0xbd53c]
V  [jvm.dll+0x4ff407]
V  [jvm.dll+0x4fb5c7]
V  [jvm.dll+0x442e99]
V  [jvm.dll+0x427422]
V  [jvm.dll+0x96742]
V  [jvm.dll+0x96f33]
V  [jvm.dll+0x223304]
V  [jvm.dll+0x27bada]
C  [msvcr100.dll+0x21d9f]
C  [msvcr100.dll+0x21e3b]
C  [KERNEL32.DLL+0x13d2]
C  [ntdll.dll+0x154e4]


Current CompileTask:
C2:   1818  559       4       java.util.ArrayList::add (29 bytes)


---------------  P R O C E S S  ---------------

Java Threads: ( => current thread )
  0x00000000163d1000 JavaThread "pool-2-thread-4" [_thread_blocked, id=7308, stack(0x0000000016b80000,0x0000000016c80000)]
  0x00000000163cc000 JavaThread "pool-2-thread-3" [_thread_in_native, id=13836, stack(0x0000000016a80000,0x0000000016b80000)]
  0x00000000162e1800 JavaThread "pool-2-thread-2" [_thread_in_vm, id=14120, stack(0x0000000016980000,0x0000000016a80000)]
  0x00000000162d5800 JavaThread "pool-3-thread-1" [_thread_blocked, id=5308, stack(0x0000000016880000,0x0000000016980000)]
  0x00000000162d5000 JavaThread "pool-2-thread-1" [_thread_blocked, id=9200, stack(0x0000000016780000,0x0000000016880000)]
  0x0000000016190800 JavaThread "Service Thread" daemon [_thread_blocked, id=7456, stack(0x0000000016580000,0x0000000016680000)]
  0x000000001492e000 JavaThread "C1 CompilerThread2" daemon [_thread_in_native, id=6760, stack(0x0000000016080000,0x0000000016180000)]
  0x000000001492d800 JavaThread "C2 CompilerThread1" daemon [_thread_in_native, id=8208, stack(0x0000000015f80000,0x0000000016080000)]
=>0x000000001493b000 JavaThread "C2 CompilerThread0" daemon [_thread_in_native, id=3592, stack(0x0000000015e80000,0x0000000015f80000)]
  0x000000001493a000 JavaThread "Attach Listener" daemon [_thread_blocked, id=5336, stack(0x0000000015d80000,0x0000000015e80000)]
  0x0000000014938800 JavaThread "Signal Dispatcher" daemon [_thread_blocked, id=10584, stack(0x0000000015c80000,0x0000000015d80000)]
  0x000000000224f800 JavaThread "Finalizer" daemon [_thread_blocked, id=13576, stack(0x0000000015b80000,0x0000000015c80000)]
  0x000000000224c800 JavaThread "Reference Handler" daemon [_thread_blocked, id=13924, stack(0x0000000015a80000,0x0000000015b80000)]
  0x000000000079d800 JavaThread "main" [_thread_blocked, id=13072, stack(0x0000000001f60000,0x0000000002060000)]

Other Threads:
  0x00000000148f6800 VMThread [stack: 0x0000000015980000,0x0000000015a80000] [id=9088]
  0x000000001498c800 WatcherThread [stack: 0x0000000016680000,0x0000000016780000] [id=10792]

VM state:synchronizing (normal execution)

VM Mutex/Monitor currently owned by a thread:  ([mutex/lock_event])
[0x000000000079cc70] Threads_lock - owner thread: 0x00000000148f6800
[0x00000000021604d0] MethodData_lock - owner thread: 0x00000000162e1800

Heap:
 PSYoungGen      total 5632K, used 3410K [0x00000000eab00000, 0x00000000eb200000, 0x0000000100000000)
  eden space 4096K, 56% used [0x00000000eab00000,0x00000000ead3e978,0x00000000eaf00000)
  from space 1536K, 72% used [0x00000000eb080000,0x00000000eb196130,0x00000000eb200000)
  to   space 1536K, 0% used [0x00000000eaf00000,0x00000000eaf00000,0x00000000eb080000)
 ParOldGen       total 129536K, used 1463K [0x00000000c0000000, 0x00000000c7e80000, 0x00000000eab00000)
  object space 129536K, 1% used [0x00000000c0000000,0x00000000c016dec8,0x00000000c7e80000)
 Metaspace       used 5286K, capacity 6448K, committed 6528K, reserved 1056768K
  class space    used 579K, capacity 616K, committed 640K, reserved 1048576K

Card table byte_map: [0x0000000011620000,0x0000000011830000] byte_map_base: 0x0000000011020000

Marking Bits: (ParMarkBitMap*) 0x00000000611413b0
 Begin Bits: [0x0000000011d90000, 0x0000000012d90000)
 End Bits:   [0x0000000012d90000, 0x0000000013d90000)

Polling page: 0x0000000000750000

CodeCache: size=245760Kb used=2083Kb max_used=2083Kb free=243676Kb
 bounds [0x0000000002260000, 0x00000000024d0000, 0x0000000011260000]
 total_blobs=807 nmethods=543 adapters=178
 compilation: enabled

Compilation events (10 events):
Event: 0.834 Thread 0x000000001492e000 nmethod 538 0x0000000002468910 code [0x0000000002468aa0, 0x0000000002468f68]
Event: 0.835 Thread 0x000000001492e000  541       1       com.android.dx.cf.attrib.BaseAttribute::getName (5 bytes)
Event: 0.835 Thread 0x000000001492e000 nmethod 541 0x0000000002469110 code [0x0000000002469260, 0x0000000002469370]
Event: 0.835 Thread 0x000000001492e000  542       3       com.android.dx.cf.code.BasicBlocker::addWorkIfNecessary (32 bytes)
Event: 0.836 Thread 0x000000001492e000 nmethod 542 0x00000000024693d0 code [0x0000000002469560, 0x0000000002469910]
Event: 0.836 Thread 0x000000001492e000  545       3       com.android.dx.cf.code.ByteOps::opInfo (6 bytes)
Event: 0.836 Thread 0x000000001492e000 nmethod 545 0x0000000002469c10 code [0x0000000002469d60, 0x0000000002469eb0]
Event: 0.836 Thread 0x000000001492e000  544   !   3       com.android.dx.cf.code.BytecodeArray::parseInstruction (2764 bytes)
Event: 0.840 Thread 0x000000001492d800  557       4       java.util.ArrayList::ensureExplicitCapacity (26 bytes)
Event: 0.841 Thread 0x000000001493b000  559       4       java.util.ArrayList::add (29 bytes)

GC Heap History (10 events):
Event: 0.245 GC heap before
{Heap before GC invocations=2 (full 0):
 PSYoungGen      total 1024K, used 944K [0x00000000eab00000, 0x00000000ead00000, 0x0000000100000000)
  eden space 512K, 100% used [0x00000000eab00000,0x00000000eab80000,0x00000000eab80000)
  from space 512K, 84% used [0x00000000eab80000,0x00000000eabec010,0x00000000eac00000)
  to   space 512K, 0% used [0x00000000eac80000,0x00000000eac80000,0x00000000ead00000)
 ParOldGen       total 129536K, used 0K [0x00000000c0000000, 0x00000000c7e80000, 0x00000000eab00000)
  object space 129536K, 0% used [0x00000000c0000000,0x00000000c0000000,0x00000000c7e80000)
 Metaspace       used 2920K, capacity 4656K, committed 4864K, reserved 1056768K
  class space    used 319K, capacity 424K, committed 512K, reserved 1048576K
Event: 0.247 GC heap after
Heap after GC invocations=2 (full 0):
 PSYoungGen      total 1536K, used 496K [0x00000000eab00000, 0x00000000ead00000, 0x0000000100000000)
  eden space 1024K, 0% used [0x00000000eab00000,0x00000000eab00000,0x00000000eac00000)
  from space 512K, 96% used [0x00000000eac80000,0x00000000eacfc010,0x00000000ead00000)
  to   space 512K, 0% used [0x00000000eac00000,0x00000000eac00000,0x00000000eac80000)
 ParOldGen       total 129536K, used 85K [0x00000000c0000000, 0x00000000c7e80000, 0x00000000eab00000)
  object space 129536K, 0% used [0x00000000c0000000,0x00000000c0015778,0x00000000c7e80000)
 Metaspace       used 2920K, capacity 4656K, committed 4864K, reserved 1056768K
  class space    used 319K, capacity 424K, committed 512K, reserved 1048576K
}
Event: 0.330 GC heap before
{Heap before GC invocations=3 (full 0):
 PSYoungGen      total 1536K, used 1509K [0x00000000eab00000, 0x00000000ead00000, 0x0000000100000000)
  eden space 1024K, 99% used [0x00000000eab00000,0x00000000eabfd7b0,0x00000000eac00000)
  from space 512K, 96% used [0x00000000eac80000,0x00000000eacfc010,0x00000000ead00000)
  to   space 512K, 0% used [0x00000000eac00000,0x00000000eac00000,0x00000000eac80000)
 ParOldGen       total 129536K, used 85K [0x00000000c0000000, 0x00000000c7e80000, 0x00000000eab00000)
  object space 129536K, 0% used [0x00000000c0000000,0x00000000c0015778,0x00000000c7e80000)
 Metaspace       used 3509K, capacity 4880K, committed 5120K, reserved 1056768K
  class space    used 394K, capacity 456K, committed 512K, reserved 1048576K
Event: 0.333 GC heap after
Heap after GC invocations=3 (full 0):
 PSYoungGen      total 1536K, used 512K [0x00000000eab00000, 0x00000000eae00000, 0x0000000100000000)
  eden space 1024K, 0% used [0x00000000eab00000,0x00000000eab00000,0x00000000eac00000)
  from space 512K, 100% used [0x00000000eac00000,0x00000000eac80000,0x00000000eac80000)
  to   space 512K, 0% used [0x00000000ead80000,0x00000000ead80000,0x00000000eae00000)
 ParOldGen       total 129536K, used 401K [0x00000000c0000000, 0x00000000c7e80000, 0x00000000eab00000)
  object space 129536K, 0% used [0x00000000c0000000,0x00000000c0064468,0x00000000c7e80000)
 Metaspace       used 3509K, capacity 4880K, committed 5120K, reserved 1056768K
  class space    used 394K, capacity 456K, committed 512K, reserved 1048576K
}
Event: 0.405 GC heap before
{Heap before GC invocations=4 (full 0):
 PSYoungGen      total 1536K, used 1536K [0x00000000eab00000, 0x00000000eae00000, 0x0000000100000000)
  eden space 1024K, 100% used [0x00000000eab00000,0x00000000eac00000,0x00000000eac00000)
  from space 512K, 100% used [0x00000000eac00000,0x00000000eac80000,0x00000000eac80000)
  to   space 512K, 0% used [0x00000000ead80000,0x00000000ead80000,0x00000000eae00000)
 ParOldGen       total 129536K, used 401K [0x00000000c0000000, 0x00000000c7e80000, 0x00000000eab00000)
  object space 129536K, 0% used [0x00000000c0000000,0x00000000c0064468,0x00000000c7e80000)
 Metaspace       used 3800K, capacity 5104K, committed 5376K, reserved 1056768K
  class space    used 429K, capacity 488K, committed 512K, reserved 1048576K
Event: 0.407 GC heap after
Heap after GC invocations=4 (full 0):
 PSYoungGen      total 2560K, used 512K [0x00000000eab00000, 0x00000000eae00000, 0x0000000100000000)
  eden space 2048K, 0% used [0x00000000eab00000,0x00000000eab00000,0x00000000ead00000)
  from space 512K, 100% used [0x00000000ead80000,0x00000000eae00000,0x00000000eae00000)
  to   space 512K, 0% used [0x00000000ead00000,0x00000000ead00000,0x00000000ead80000)
 ParOldGen       total 129536K, used 687K [0x00000000c0000000, 0x00000000c7e80000, 0x00000000eab00000)
  object space 129536K, 0% used [0x00000000c0000000,0x00000000c00abfd8,0x00000000c7e80000)
 Metaspace       used 3800K, capacity 5104K, committed 5376K, reserved 1056768K
  class space    used 429K, capacity 488K, committed 512K, reserved 1048576K
}
Event: 0.553 GC heap before
{Heap before GC invocations=5 (full 0):
 PSYoungGen      total 2560K, used 2560K [0x00000000eab00000, 0x00000000eae00000, 0x0000000100000000)
  eden space 2048K, 100% used [0x00000000eab00000,0x00000000ead00000,0x00000000ead00000)
  from space 512K, 100% used [0x00000000ead80000,0x00000000eae00000,0x00000000eae00000)
  to   space 512K, 0% used [0x00000000ead00000,0x00000000ead00000,0x00000000ead80000)
 ParOldGen       total 129536K, used 687K [0x00000000c0000000, 0x00000000c7e80000, 0x00000000eab00000)
  object space 129536K, 0% used [0x00000000c0000000,0x00000000c00abfd8,0x00000000c7e80000)
 Metaspace       used 4337K, capacity 5584K, committed 5760K, reserved 1056768K
  class space    used 481K, capacity 520K, committed 640K, reserved 1048576K
Event: 0.572 GC heap after
Heap after GC invocations=5 (full 0):
 PSYoungGen      total 2560K, used 485K [0x00000000eab00000, 0x00000000eb200000, 0x0000000100000000)
  eden space 2048K, 0% used [0x00000000eab00000,0x00000000eab00000,0x00000000ead00000)
  from space 512K, 94% used [0x00000000ead00000,0x00000000ead79468,0x00000000ead80000)
  to   space 1536K, 0% used [0x00000000eb080000,0x00000000eb080000,0x00000000eb200000)
 ParOldGen       total 129536K, used 1455K [0x00000000c0000000, 0x00000000c7e80000, 0x00000000eab00000)
  object space 129536K, 1% used [0x00000000c0000000,0x00000000c016bec8,0x00000000c7e80000)
 Metaspace       used 4337K, capacity 5584K, committed 5760K, reserved 1056768K
  class space    used 481K, capacity 520K, committed 640K, reserved 1048576K
}
Event: 0.717 GC heap before
{Heap before GC invocations=6 (full 0):
 PSYoungGen      total 2560K, used 2527K [0x00000000eab00000, 0x00000000eb200000, 0x0000000100000000)
  eden space 2048K, 99% used [0x00000000eab00000,0x00000000eacfe958,0x00000000ead00000)
  from space 512K, 94% used [0x00000000ead00000,0x00000000ead79468,0x00000000ead80000)
  to   space 1536K, 0% used [0x00000000eb080000,0x00000000eb080000,0x00000000eb200000)
 ParOldGen       total 129536K, used 1455K [0x00000000c0000000, 0x00000000c7e80000, 0x00000000eab00000)
  object space 129536K, 1% used [0x00000000c0000000,0x00000000c016bec8,0x00000000c7e80000)
 Metaspace       used 4858K, capacity 6032K, committed 6272K, reserved 1056768K
  class space    used 543K, capacity 584K, committed 640K, reserved 1048576K
Event: 0.734 GC heap after
Heap after GC invocations=6 (full 0):
 PSYoungGen      total 5632K, used 1112K [0x00000000eab00000, 0x00000000eb200000, 0x0000000100000000)
  eden space 4096K, 0% used [0x00000000eab00000,0x00000000eab00000,0x00000000eaf00000)
  from space 1536K, 72% used [0x00000000eb080000,0x00000000eb196130,0x00000000eb200000)
  to   space 1536K, 0% used [0x00000000eaf00000,0x00000000eaf00000,0x00000000eb080000)
 ParOldGen       total 129536K, used 1463K [0x00000000c0000000, 0x00000000c7e80000, 0x00000000eab00000)
  object space 129536K, 1% used [0x00000000c0000000,0x00000000c016dec8,0x00000000c7e80000)
 Metaspace       used 4858K, capacity 6032K, committed 6272K, reserved 1056768K
  class space    used 543K, capacity 584K, committed 640K, reserved 1048576K
}

Deoptimization events (0 events):
No events

Internal exceptions (10 events):
Event: 0.826 Thread 0x00000000163d1000 Exception <a 'java/security/PrivilegedActionException'> (0x00000000eac48098) thrown at [C:\re\workspace\8-2-build-windows-amd64-cygwin\jdk8\1725\hotspot\src\share\vm\prims\jvm.cpp, line 1248]
Event: 0.827 Thread 0x00000000163d1000 Exception <a 'java/security/PrivilegedActionException'> (0x00000000eac4b3a0) thrown at [C:\re\workspace\8-2-build-windows-amd64-cygwin\jdk8\1725\hotspot\src\share\vm\prims\jvm.cpp, line 1248]
Event: 0.828 Thread 0x00000000163cc000 Exception <a 'java/security/PrivilegedActionException'> (0x00000000eac51cf8) thrown at [C:\re\workspace\8-2-build-windows-amd64-cygwin\jdk8\1725\hotspot\src\share\vm\prims\jvm.cpp, line 1248]
Event: 0.831 Thread 0x00000000162e1800 Exception <a 'java/security/PrivilegedActionException'> (0x00000000eac67b58) thrown at [C:\re\workspace\8-2-build-windows-amd64-cygwin\jdk8\1725\hotspot\src\share\vm\prims\jvm.cpp, line 1248]
Event: 0.832 Thread 0x00000000163d1000 Exception <a 'java/security/PrivilegedActionException'> (0x00000000eac64200) thrown at [C:\re\workspace\8-2-build-windows-amd64-cygwin\jdk8\1725\hotspot\src\share\vm\prims\jvm.cpp, line 1248]
Event: 0.833 Thread 0x00000000163cc000 Exception <a 'java/security/PrivilegedActionException'> (0x00000000eac5efe8) thrown at [C:\re\workspace\8-2-build-windows-amd64-cygwin\jdk8\1725\hotspot\src\share\vm\prims\jvm.cpp, line 1248]
Event: 0.833 Thread 0x00000000163cc000 Exception <a 'java/security/PrivilegedActionException'> (0x00000000eac74a68) thrown at [C:\re\workspace\8-2-build-windows-amd64-cygwin\jdk8\1725\hotspot\src\share\vm\prims\jvm.cpp, line 1248]
Event: 0.834 Thread 0x00000000163cc000 Exception <a 'java/security/PrivilegedActionException'> (0x00000000eac79a40) thrown at [C:\re\workspace\8-2-build-windows-amd64-cygwin\jdk8\1725\hotspot\src\share\vm\prims\jvm.cpp, line 1248]
Event: 0.835 Thread 0x00000000163cc000 Exception <a 'java/security/PrivilegedActionException'> (0x00000000eac82cd8) thrown at [C:\re\workspace\8-2-build-windows-amd64-cygwin\jdk8\1725\hotspot\src\share\vm\prims\jvm.cpp, line 1248]
Event: 0.840 Thread 0x00000000163d1000 Exception <a 'java/security/PrivilegedActionException'> (0x00000000eacc7638) thrown at [C:\re\workspace\8-2-build-windows-amd64-cygwin\jdk8\1725\hotspot\src\share\vm\prims\jvm.cpp, line 1248]

Events (10 events):
Event: 0.833 loading class com/android/dx/dex/file/CodeItem done
Event: 0.834 loading class java/io/PrintWriter
Event: 0.834 loading class java/io/PrintWriter done
Event: 0.834 loading class com/android/dx/dex/file/DebugInfoItem
Event: 0.834 loading class com/android/dx/dex/file/DebugInfoItem done
Event: 0.835 loading class com/android/dx/rop/annotation/AnnotationsList
Event: 0.835 loading class com/android/dx/rop/annotation/AnnotationsList done
Event: 0.840 loading class com/android/dx/cf/code/SwitchList
Event: 0.840 loading class com/android/dx/cf/code/SwitchList done
Event: 0.842 loading class java/util/TreeMap$EntrySet


Dynamic libraries:
0x00007ff768fe0000 - 0x00007ff769014000 	C:\Program Files\Java\jdk1.8.0\bin\java.exe
0x00007ff8314c0000 - 0x00007ff83166d000 	C:\Windows\SYSTEM32\ntdll.dll
0x00007ff830bd0000 - 0x00007ff830d0e000 	C:\Windows\system32\KERNEL32.DLL
0x00007ff82e6e0000 - 0x00007ff82e7f5000 	C:\Windows\system32\KERNELBASE.dll
0x00007ff82d160000 - 0x00007ff82d1ee000 	C:\Windows\system32\apphelp.dll
0x00007ff829bc0000 - 0x00007ff829c13000 	C:\Windows\AppPatch\AppPatch64\AcGenral.DLL
0x00007ff830b20000 - 0x00007ff830bca000 	C:\Windows\system32\msvcrt.dll
0x00007ff82e6b0000 - 0x00007ff82e6de000 	C:\Windows\system32\SspiCli.dll
0x00007ff831230000 - 0x00007ff831284000 	C:\Windows\system32\SHLWAPI.dll
0x00007ff82ed50000 - 0x00007ff82eec7000 	C:\Windows\system32\USER32.dll
0x00007ff82f0a0000 - 0x00007ff82f234000 	C:\Windows\system32\ole32.dll
0x00007ff82f480000 - 0x00007ff8309a8000 	C:\Windows\system32\SHELL32.dll
0x00007ff82dbb0000 - 0x00007ff82dbd1000 	C:\Windows\SYSTEM32\USERENV.dll
0x00007ff8309b0000 - 0x00007ff830a5a000 	C:\Windows\system32\ADVAPI32.dll
0x00007ff827020000 - 0x00007ff82703e000 	C:\Windows\SYSTEM32\MPR.dll
0x00007ff82eb60000 - 0x00007ff82eca0000 	C:\Windows\system32\RPCRT4.dll
0x00007ff830d70000 - 0x00007ff830dc9000 	C:\Windows\SYSTEM32\sechost.dll
0x00007ff830ea0000 - 0x00007ff8310b1000 	C:\Windows\SYSTEM32\combase.dll
0x00007ff8310c0000 - 0x00007ff83120f000 	C:\Windows\system32\GDI32.dll
0x00007ff82e5e0000 - 0x00007ff82e5f5000 	C:\Windows\SYSTEM32\profapi.dll
0x00007ff82cb10000 - 0x00007ff82cbc2000 	C:\Windows\SYSTEM32\SHCORE.dll
0x00007ff82ed10000 - 0x00007ff82ed46000 	C:\Windows\system32\IMM32.DLL
0x00007ff831290000 - 0x00007ff8313e2000 	C:\Windows\system32\MSCTF.dll
0x00007ff82c690000 - 0x00007ff82c90b000 	C:\Windows\WinSxS\amd64_microsoft.windows.common-controls_6595b64144ccf1df_6.0.9600.18006_none_623f33d3ecbe86e8\COMCTL32.dll
0x00000000605d0000 - 0x00000000606a2000 	C:\Program Files\Java\jdk1.8.0\jre\bin\msvcr100.dll
0x0000000060990000 - 0x00000000611ba000 	C:\Program Files\Java\jdk1.8.0\jre\bin\server\jvm.dll
0x00007ff823b80000 - 0x00007ff823b89000 	C:\Windows\SYSTEM32\WSOCK32.dll
0x00007ff82c090000 - 0x00007ff82c0b2000 	C:\Windows\SYSTEM32\WINMM.dll
0x00007ff8313f0000 - 0x00007ff8313f7000 	C:\Windows\system32\PSAPI.DLL
0x00007ff82f240000 - 0x00007ff82f29a000 	C:\Windows\system32\WS2_32.dll
0x00007ff82bfe0000 - 0x00007ff82c00a000 	C:\Windows\SYSTEM32\WINMMBASE.dll
0x00007ff82eb50000 - 0x00007ff82eb59000 	C:\Windows\system32\NSI.dll
0x00007ff82eaf0000 - 0x00007ff82eb3f000 	C:\Windows\SYSTEM32\cfgmgr32.dll
0x00007ff82d3d0000 - 0x00007ff82d3f8000 	C:\Windows\SYSTEM32\DEVOBJ.dll
0x0000000062d60000 - 0x0000000062d6f000 	C:\Program Files\Java\jdk1.8.0\jre\bin\verify.dll
0x0000000061eb0000 - 0x0000000061ed8000 	C:\Program Files\Java\jdk1.8.0\jre\bin\java.dll
0x0000000062d40000 - 0x0000000062d56000 	C:\Program Files\Java\jdk1.8.0\jre\bin\zip.dll
0x00007ff823800000 - 0x00007ff823989000 	C:\Windows\SYSTEM32\dbghelp.dll

VM Arguments:
jvm_args: -Djava.awt.headless=true -Xmx1024M -Dfile.encoding=windows-1252 -Duser.country=IN -Duser.language=en -Duser.variant 
java_command: com.android.dx.command.Main --dex --force-jumbo --num-threads=4 --multi-dex --output C:\Nnotes1\app\build\intermediates\transforms\dex\debug\folders\1000\5\slice_9 C:\Nnotes1\app\build\intermediates\transforms\instantRunSlicer\debug\folders\1\5\slice_9
java_class_path (initial): C:\Users\Nayan J\AppData\Local\Android\Sdk\build-tools\24.0.2\lib\dx.jar
Launcher Type: SUN_STANDARD

Environment Variables:
JAVA_HOME=C:\Program Files\Java\jdk1.8.0
JRE_HOME=C:\Program Files\Java\jre8
CLASSPATH=C:\oraclexe\app\oracle\product\11.2.0\server\jdbc\lib\ojdbc6.jar;E:\java\Tomcat8.0\lib\servlet-api.jar;E:\java\mysql-connector-java-5.1.39\mysql-connector-java-5.1.39-bin.jar;.;
PATH=C:\Program Files (x86)\PHP\;C:\oraclexe\app\oracle\product\11.2.0\server\bin;;C:\Python34\Lib\site-packages\PyQt4;C:\Python34\;C:\Python34\Scripts;C:\Program Files (x86)\Intel\iCLS Client\;C:\Program Files\Intel\iCLS Client\;C:\Windows\system32;C:\Windows;C:\Windows\System32\Wbem;C:\Windows\System32\WindowsPowerShell\v1.0\;C:\Program Files\Intel\Intel(R) Management Engine Components\DAL;C:\Program Files (x86)\Intel\Intel(R) Management Engine Components\DAL;C:\Program Files\Intel\Intel(R) Management Engine Components\IPT;C:\Program Files (x86)\Intel\Intel(R) Management Engine Components\IPT;C:\Program Files\Intel\WiFi\bin\;C:\Program Files\Common Files\Intel\WirelessCommon\;C:\Program Files\Java\jdk1.8.0\bin;C:\Program Files\Java\jdk1.7.0_51\bin;C:\Windows\system32\config\systemprofile\.dnx\bin;C:\Program Files\Microsoft DNX\Dnvm\;C:\Program Files (x86)\Windows Kits\8.1\Windows Performance Toolkit\;C:\Program Files (x86)\Brackets\command;C:\Users\Nayan J\AppData\Local\Programs\Python\Python35-32;C:\oraclexe\app\oracle\product\10.2.0\server\jdbc\lib\ojdbc14.jar;C:\Users\Nayan J\Downloads\Compressed\mysql-connector-java-5.1.39\mysql-connector-java-5.1.39\mysql-connector-java-5.1.39-bin.jar;C:\Program Files (x86)\nodejs\;E:\Python\electron-v1.2.5-win32-ia32_3\;C:\Program Files (x86)\CodeBlocks\MinGW\bin\;C:\php;\;C:\Program Files\MySQL\MySQL Server 5.5\bin;C:\Program Files (x86)\Microsoft VS Code\bin;C:\Users\Nayan J\AppData\Local\atom\bin;C:\Users\Nayan J\AppData\Roaming\npm;E:\Python\electron-v1.2.5-win32-ia32_3\;C:\Android\sdk\platform-tools;C:\Android\sdk\tools;
USERNAME=Nayan J
OS=Windows_NT
PROCESSOR_IDENTIFIER=Intel64 Family 6 Model 61 Stepping 4, GenuineIntel



---------------  S Y S T E M  ---------------

OS: Windows 8.1 , 64 bit Build 9600 

CPU:total 4 (2 cores per cpu, 2 threads per core) family 6 model 61 stepping 4, cmov, cx8, fxsr, mmx, sse, sse2, sse3, ssse3, sse4.1, sse4.2, popcnt, avx, avx2, aes, clmul, erms, ht, tsc, tscinvbit

Memory: 4k page, physical 8296948k(1008028k free), swap 11442676k(213260k free)

vm_info: Java HotSpot(TM) 64-Bit Server VM (25.0-b69) for windows-amd64 JRE (1.8.0-b127), built on Jan 30 2014 02:37:46 by "java_re" with MS VC++ 10.0 (VS2010)

time: Sat Apr 08 23:05:05 2017
elapsed time: 1 seconds

