#
# There is insufficient memory for the Java Runtime Environment to continue.
# Native memory allocation (malloc) failed to allocate 248272 bytes for Chunk::new
# Possible reasons:
#   The system is out of physical RAM or swap space
#   In 32 bit mode, the process size limit was hit
# Possible solutions:
#   Reduce memory load on the system
#   Increase physical memory or swap space
#   Check if swap backing store is full
#   Use 64 bit Java on a 64 bit OS
#   Decrease Java heap size (-Xmx/-Xms)
#   Decrease number of Java threads
#   Decrease Java thread stack sizes (-Xss)
#   Set larger code cache with -XX:ReservedCodeCacheSize=
# This output file may be truncated or incomplete.
#
#  Out of Memory Error (allocation.cpp:388), pid=4332, tid=6904
#
# JRE version: Java(TM) SE Runtime Environment (8.0-b127) (build 1.8.0-b127)
# Java VM: Java HotSpot(TM) 64-Bit Server VM (25.0-b69 mixed mode windows-amd64 compressed oops)
# Failed to write core dump. Minidumps are not enabled by default on client versions of Windows
#

---------------  T H R E A D  ---------------

Current thread (0x0000000014e0d000):  JavaThread "C2 CompilerThread0" daemon [_thread_in_native, id=6904, stack(0x0000000016360000,0x0000000016460000)]

Stack: [0x0000000016360000,0x0000000016460000]
Native frames: (J=compiled Java code, j=interpreted, Vv=VM code, C=native code)
V  [jvm.dll+0x308cba]


Current CompileTask:
C2:    515  711       4       com.android.dx.ssa.NormalSsaInsn::accept (25 bytes)


---------------  P R O C E S S  ---------------

Java Threads: ( => current thread )
  0x00000000168d0000 JavaThread "pool-2-thread-4" [_thread_blocked, id=5824, stack(0x0000000017060000,0x0000000017160000)]
  0x00000000168cf800 JavaThread "pool-2-thread-3" [_thread_blocked, id=7688, stack(0x0000000016f60000,0x0000000017060000)]
  0x00000000168ce800 JavaThread "pool-2-thread-2" [_thread_in_Java, id=5732, stack(0x0000000016e60000,0x0000000016f60000)]
  0x0000000016816800 JavaThread "pool-3-thread-1" [_thread_blocked, id=6872, stack(0x0000000016d60000,0x0000000016e60000)]
  0x000000001680c000 JavaThread "pool-2-thread-1" [_thread_in_Java, id=9140, stack(0x0000000016c60000,0x0000000016d60000)]
  0x0000000016677000 JavaThread "Service Thread" daemon [_thread_blocked, id=5276, stack(0x0000000016a60000,0x0000000016b60000)]
  0x0000000014e15800 JavaThread "C1 CompilerThread2" daemon [_thread_in_native, id=9576, stack(0x0000000016560000,0x0000000016660000)]
  0x0000000014e11000 JavaThread "C2 CompilerThread1" daemon [_thread_blocked, id=7148, stack(0x0000000016460000,0x0000000016560000)]
=>0x0000000014e0d000 JavaThread "C2 CompilerThread0" daemon [_thread_in_native, id=6904, stack(0x0000000016360000,0x0000000016460000)]
  0x0000000014e0b800 JavaThread "Attach Listener" daemon [_thread_blocked, id=5736, stack(0x0000000016260000,0x0000000016360000)]
  0x0000000014e0a000 JavaThread "Signal Dispatcher" daemon [_thread_blocked, id=5640, stack(0x0000000016160000,0x0000000016260000)]
  0x0000000002736800 JavaThread "Finalizer" daemon [_thread_blocked, id=9964, stack(0x0000000016060000,0x0000000016160000)]
  0x000000000272c800 JavaThread "Reference Handler" daemon [_thread_blocked, id=9428, stack(0x0000000015f60000,0x0000000016060000)]
  0x000000000263d800 JavaThread "main" [_thread_in_vm, id=9580, stack(0x00000000024d0000,0x00000000025d0000)]

Other Threads:
  0x0000000014dd6800 VMThread [stack: 0x0000000015e60000,0x0000000015f60000] [id=8572]
  0x0000000016691800 WatcherThread [stack: 0x0000000016b60000,0x0000000016c60000] [id=8356]

VM state:not at safepoint (normal execution)

VM Mutex/Monitor currently owned by a thread: None

Heap:
 PSYoungGen      total 5632K, used 3633K [0x00000000eab00000, 0x00000000eb800000, 0x0000000100000000)
  eden space 4096K, 51% used [0x00000000eab00000,0x00000000ead13898,0x00000000eaf00000)
  from space 1536K, 98% used [0x00000000eaf00000,0x00000000eb078ba0,0x00000000eb080000)
  to   space 2560K, 0% used [0x00000000eb580000,0x00000000eb580000,0x00000000eb800000)
 ParOldGen       total 129536K, used 2194K [0x00000000c0000000, 0x00000000c7e80000, 0x00000000eab00000)
  object space 129536K, 1% used [0x00000000c0000000,0x00000000c0224b08,0x00000000c7e80000)
 Metaspace       used 5502K, capacity 6576K, committed 6784K, reserved 1056768K
  class space    used 590K, capacity 616K, committed 640K, reserved 1048576K

Card table byte_map: [0x0000000011b00000,0x0000000011d10000] byte_map_base: 0x0000000011500000

Marking Bits: (ParMarkBitMap*) 0x000000006a6213b0
 Begin Bits: [0x0000000012270000, 0x0000000013270000)
 End Bits:   [0x0000000013270000, 0x0000000014270000)

Polling page: 0x0000000000a70000

CodeCache: size=245760Kb used=2885Kb max_used=2885Kb free=242874Kb
 bounds [0x0000000002740000, 0x0000000002a20000, 0x0000000011740000]
 total_blobs=1000 nmethods=736 adapters=178
 compilation: enabled

Compilation events (10 events):
Event: 0.494 Thread 0x0000000014e15800 nmethod 730 0x00000000029eaf10 code [0x00000000029eb060, 0x00000000029eb1b0]
Event: 0.494 Thread 0x0000000014e15800  728       3       java.util.ArrayList$SubList::removeRange (47 bytes)
Event: 0.494 Thread 0x0000000014e15800 nmethod 728 0x00000000029eb250 code [0x00000000029eb3e0, 0x00000000029eb758]
Event: 0.494 Thread 0x0000000014e15800  737       3       com.android.dx.cf.code.RopperMachine::getSources (264 bytes)
Event: 0.497 Thread 0x0000000014e15800 nmethod 737 0x00000000029eb950 code [0x00000000029ebf20, 0x00000000029f05b8]
Event: 0.497 Thread 0x0000000014e15800  739       3       com.android.dx.rop.code.RegisterSpecSet::mutableCopy (57 bytes)
Event: 0.498 Thread 0x0000000014e15800 nmethod 739 0x00000000029f3610 code [0x00000000029f37c0, 0x00000000029f3d68]
Event: 0.498 Thread 0x0000000014e15800  738       3       com.android.dx.cf.code.BaseMachine::storeResults (90 bytes)
Event: 0.498 Thread 0x0000000014e15800 nmethod 738 0x00000000029f4050 code [0x00000000029f4240, 0x00000000029f4c88]
Event: 0.498 Thread 0x0000000014e15800  735   !   3       com.android.dx.cf.code.RopperMachine::run (1550 bytes)

GC Heap History (10 events):
Event: 0.137 GC heap before
{Heap before GC invocations=3 (full 0):
 PSYoungGen      total 1536K, used 1520K [0x00000000eab00000, 0x00000000ead00000, 0x0000000100000000)
  eden space 1024K, 100% used [0x00000000eab00000,0x00000000eac00000,0x00000000eac00000)
  from space 512K, 96% used [0x00000000eac80000,0x00000000eacfc010,0x00000000ead00000)
  to   space 512K, 0% used [0x00000000eac00000,0x00000000eac00000,0x00000000eac80000)
 ParOldGen       total 129536K, used 133K [0x00000000c0000000, 0x00000000c7e80000, 0x00000000eab00000)
  object space 129536K, 0% used [0x00000000c0000000,0x00000000c0021778,0x00000000c7e80000)
 Metaspace       used 3393K, capacity 4720K, committed 4864K, reserved 1056768K
  class space    used 374K, capacity 424K, committed 512K, reserved 1048576K
Event: 0.139 GC heap after
Heap after GC invocations=3 (full 0):
 PSYoungGen      total 1536K, used 496K [0x00000000eab00000, 0x00000000eae00000, 0x0000000100000000)
  eden space 1024K, 0% used [0x00000000eab00000,0x00000000eab00000,0x00000000eac00000)
  from space 512K, 96% used [0x00000000eac00000,0x00000000eac7c010,0x00000000eac80000)
  to   space 512K, 0% used [0x00000000ead80000,0x00000000ead80000,0x00000000eae00000)
 ParOldGen       total 129536K, used 331K [0x00000000c0000000, 0x00000000c7e80000, 0x00000000eab00000)
  object space 129536K, 0% used [0x00000000c0000000,0x00000000c0052de8,0x00000000c7e80000)
 Metaspace       used 3393K, capacity 4720K, committed 4864K, reserved 1056768K
  class space    used 374K, capacity 424K, committed 512K, reserved 1048576K
}
Event: 0.187 GC heap before
{Heap before GC invocations=4 (full 0):
 PSYoungGen      total 1536K, used 1518K [0x00000000eab00000, 0x00000000eae00000, 0x0000000100000000)
  eden space 1024K, 99% used [0x00000000eab00000,0x00000000eabffbd8,0x00000000eac00000)
  from space 512K, 96% used [0x00000000eac00000,0x00000000eac7c010,0x00000000eac80000)
  to   space 512K, 0% used [0x00000000ead80000,0x00000000ead80000,0x00000000eae00000)
 ParOldGen       total 129536K, used 331K [0x00000000c0000000, 0x00000000c7e80000, 0x00000000eab00000)
  object space 129536K, 0% used [0x00000000c0000000,0x00000000c0052de8,0x00000000c7e80000)
 Metaspace       used 3636K, capacity 4944K, committed 5120K, reserved 1056768K
  class space    used 410K, capacity 456K, committed 512K, reserved 1048576K
Event: 0.189 GC heap after
Heap after GC invocations=4 (full 0):
 PSYoungGen      total 2560K, used 496K [0x00000000eab00000, 0x00000000eae00000, 0x0000000100000000)
  eden space 2048K, 0% used [0x00000000eab00000,0x00000000eab00000,0x00000000ead00000)
  from space 512K, 96% used [0x00000000ead80000,0x00000000eadfc010,0x00000000eae00000)
  to   space 512K, 0% used [0x00000000ead00000,0x00000000ead00000,0x00000000ead80000)
 ParOldGen       total 129536K, used 605K [0x00000000c0000000, 0x00000000c7e80000, 0x00000000eab00000)
  object space 129536K, 0% used [0x00000000c0000000,0x00000000c00977c8,0x00000000c7e80000)
 Metaspace       used 3636K, capacity 4944K, committed 5120K, reserved 1056768K
  class space    used 410K, capacity 456K, committed 512K, reserved 1048576K
}
Event: 0.229 GC heap before
{Heap before GC invocations=5 (full 0):
 PSYoungGen      total 2560K, used 2544K [0x00000000eab00000, 0x00000000eae00000, 0x0000000100000000)
  eden space 2048K, 100% used [0x00000000eab00000,0x00000000ead00000,0x00000000ead00000)
  from space 512K, 96% used [0x00000000ead80000,0x00000000eadfc010,0x00000000eae00000)
  to   space 512K, 0% used [0x00000000ead00000,0x00000000ead00000,0x00000000ead80000)
 ParOldGen       total 129536K, used 605K [0x00000000c0000000, 0x00000000c7e80000, 0x00000000eab00000)
  object space 129536K, 0% used [0x00000000c0000000,0x00000000c00977c8,0x00000000c7e80000)
 Metaspace       used 4041K, capacity 5296K, committed 5376K, reserved 1056768K
  class space    used 456K, capacity 488K, committed 512K, reserved 1048576K
Event: 0.232 GC heap after
Heap after GC invocations=5 (full 0):
 PSYoungGen      total 2560K, used 483K [0x00000000eab00000, 0x00000000eb200000, 0x0000000100000000)
  eden space 2048K, 0% used [0x00000000eab00000,0x00000000eab00000,0x00000000ead00000)
  from space 512K, 94% used [0x00000000ead00000,0x00000000ead78ff0,0x00000000ead80000)
  to   space 1536K, 0% used [0x00000000eb080000,0x00000000eb080000,0x00000000eb200000)
 ParOldGen       total 129536K, used 1436K [0x00000000c0000000, 0x00000000c7e80000, 0x00000000eab00000)
  object space 129536K, 1% used [0x00000000c0000000,0x00000000c0167080,0x00000000c7e80000)
 Metaspace       used 4041K, capacity 5296K, committed 5376K, reserved 1056768K
  class space    used 456K, capacity 488K, committed 512K, reserved 1048576K
}
Event: 0.291 GC heap before
{Heap before GC invocations=6 (full 0):
 PSYoungGen      total 2560K, used 2523K [0x00000000eab00000, 0x00000000eb200000, 0x0000000100000000)
  eden space 2048K, 99% used [0x00000000eab00000,0x00000000eacfdf38,0x00000000ead00000)
  from space 512K, 94% used [0x00000000ead00000,0x00000000ead78ff0,0x00000000ead80000)
  to   space 1536K, 0% used [0x00000000eb080000,0x00000000eb080000,0x00000000eb200000)
 ParOldGen       total 129536K, used 1436K [0x00000000c0000000, 0x00000000c7e80000, 0x00000000eab00000)
  object space 129536K, 1% used [0x00000000c0000000,0x00000000c0167080,0x00000000c7e80000)
 Metaspace       used 4511K, capacity 5744K, committed 6016K, reserved 1056768K
  class space    used 501K, capacity 552K, committed 640K, reserved 1048576K
Event: 0.292 GC heap after
Heap after GC invocations=6 (full 0):
 PSYoungGen      total 5632K, used 1264K [0x00000000eab00000, 0x00000000eb200000, 0x0000000100000000)
  eden space 4096K, 0% used [0x00000000eab00000,0x00000000eab00000,0x00000000eaf00000)
  from space 1536K, 82% used [0x00000000eb080000,0x00000000eb1bc350,0x00000000eb200000)
  to   space 1536K, 0% used [0x00000000eaf00000,0x00000000eaf00000,0x00000000eb080000)
 ParOldGen       total 129536K, used 1436K [0x00000000c0000000, 0x00000000c7e80000, 0x00000000eab00000)
  object space 129536K, 1% used [0x00000000c0000000,0x00000000c0167080,0x00000000c7e80000)
 Metaspace       used 4511K, capacity 5744K, committed 6016K, reserved 1056768K
  class space    used 501K, capacity 552K, committed 640K, reserved 1048576K
}
Event: 0.403 GC heap before
{Heap before GC invocations=7 (full 0):
 PSYoungGen      total 5632K, used 5360K [0x00000000eab00000, 0x00000000eb200000, 0x0000000100000000)
  eden space 4096K, 100% used [0x00000000eab00000,0x00000000eaf00000,0x00000000eaf00000)
  from space 1536K, 82% used [0x00000000eb080000,0x00000000eb1bc350,0x00000000eb200000)
  to   space 1536K, 0% used [0x00000000eaf00000,0x00000000eaf00000,0x00000000eb080000)
 ParOldGen       total 129536K, used 1436K [0x00000000c0000000, 0x00000000c7e80000, 0x00000000eab00000)
  object space 129536K, 1% used [0x00000000c0000000,0x00000000c0167080,0x00000000c7e80000)
 Metaspace       used 5336K, capacity 6448K, committed 6528K, reserved 1056768K
  class space    used 584K, capacity 616K, committed 640K, reserved 1048576K
Event: 0.414 GC heap after
Heap after GC invocations=7 (full 0):
 PSYoungGen      total 5632K, used 1506K [0x00000000eab00000, 0x00000000eb800000, 0x0000000100000000)
  eden space 4096K, 0% used [0x00000000eab00000,0x00000000eab00000,0x00000000eaf00000)
  from space 1536K, 98% used [0x00000000eaf00000,0x00000000eb078ba0,0x00000000eb080000)
  to   space 2560K, 0% used [0x00000000eb580000,0x00000000eb580000,0x00000000eb800000)
 ParOldGen       total 129536K, used 2194K [0x00000000c0000000, 0x00000000c7e80000, 0x00000000eab00000)
  object space 129536K, 1% used [0x00000000c0000000,0x00000000c0224b08,0x00000000c7e80000)
 Metaspace       used 5336K, capacity 6448K, committed 6528K, reserved 1056768K
  class space    used 584K, capacity 616K, committed 640K, reserved 1048576K
}

Deoptimization events (0 events):
No events

Internal exceptions (10 events):
Event: 0.377 Thread 0x000000001680c000 Exception <a 'java/security/PrivilegedActionException'> (0x00000000eaddd020) thrown at [C:\re\workspace\8-2-build-windows-amd64-cygwin\jdk8\1725\hotspot\src\share\vm\prims\jvm.cpp, line 1248]
Event: 0.378 Thread 0x000000001680c000 Exception <a 'java/security/PrivilegedActionException'> (0x00000000eaddf0e0) thrown at [C:\re\workspace\8-2-build-windows-amd64-cygwin\jdk8\1725\hotspot\src\share\vm\prims\jvm.cpp, line 1248]
Event: 0.378 Thread 0x000000001680c000 Exception <a 'java/security/PrivilegedActionException'> (0x00000000eade7898) thrown at [C:\re\workspace\8-2-build-windows-amd64-cygwin\jdk8\1725\hotspot\src\share\vm\prims\jvm.cpp, line 1248]
Event: 0.387 Thread 0x00000000168cf800 Exception <a 'java/security/PrivilegedActionException'> (0x00000000eae48200) thrown at [C:\re\workspace\8-2-build-windows-amd64-cygwin\jdk8\1725\hotspot\src\share\vm\prims\jvm.cpp, line 1248]
Event: 0.403 Thread 0x000000001680c000 Exception <a 'java/security/PrivilegedActionException'> (0x00000000eaefdd48) thrown at [C:\re\workspace\8-2-build-windows-amd64-cygwin\jdk8\1725\hotspot\src\share\vm\prims\jvm.cpp, line 1248]
Event: 0.416 Thread 0x000000001680c000 Exception <a 'java/security/PrivilegedActionException'> (0x00000000eab17848) thrown at [C:\re\workspace\8-2-build-windows-amd64-cygwin\jdk8\1725\hotspot\src\share\vm\prims\jvm.cpp, line 1248]
Event: 0.417 Thread 0x000000001680c000 Exception <a 'java/security/PrivilegedActionException'> (0x00000000eab373d0) thrown at [C:\re\workspace\8-2-build-windows-amd64-cygwin\jdk8\1725\hotspot\src\share\vm\prims\jvm.cpp, line 1248]
Event: 0.420 Thread 0x00000000168ce800 Exception <a 'java/security/PrivilegedActionException'> (0x00000000eab517b8) thrown at [C:\re\workspace\8-2-build-windows-amd64-cygwin\jdk8\1725\hotspot\src\share\vm\prims\jvm.cpp, line 1248]
Event: 0.453 Thread 0x000000000263d800 Exception <a 'java/security/PrivilegedActionException'> (0x00000000eabd3a20) thrown at [C:\re\workspace\8-2-build-windows-amd64-cygwin\jdk8\1725\hotspot\src\share\vm\prims\jvm.cpp, line 1248]
Event: 0.473 Thread 0x00000000168cf800 Exception <a 'java/security/PrivilegedActionException'> (0x00000000eacd7fd8) thrown at [C:\re\workspace\8-2-build-windows-amd64-cygwin\jdk8\1725\hotspot\src\share\vm\prims\jvm.cpp, line 1248]

Events (10 events):
Event: 0.451 loading class java/util/TreeMap$EntrySet
Event: 0.451 loading class java/util/TreeMap$EntrySet done
Event: 0.451 loading class java/util/TreeMap$EntryIterator
Event: 0.451 loading class java/util/TreeMap$EntryIterator done
Event: 0.453 loading class com/android/dx/dex/file/MethodAnnotationStruct
Event: 0.453 loading class com/android/dx/dex/file/MethodAnnotationStruct done
Event: 0.473 loading class com/android/dx/ssa/back/FirstFitLocalCombiningAllocator$Multiset
Event: 0.473 loading class com/android/dx/ssa/back/FirstFitLocalCombiningAllocator$Multiset done
Event: 0.493 loading class java/util/DualPivotQuicksort
Event: 0.494 loading class java/util/DualPivotQuicksort done


Dynamic libraries:
0x00007ff6d2a70000 - 0x00007ff6d2aa4000 	C:\Program Files\Java\jdk1.8.0\bin\java.exe
0x00007ffce2a50000 - 0x00007ffce2bfd000 	C:\Windows\SYSTEM32\ntdll.dll
0x00007ffce00d0000 - 0x00007ffce020e000 	C:\Windows\system32\KERNEL32.DLL
0x00007ffcdfcc0000 - 0x00007ffcdfdd5000 	C:\Windows\system32\KERNELBASE.dll
0x00007ffcde6f0000 - 0x00007ffcde77e000 	C:\Windows\system32\apphelp.dll
0x00007ffcc1e50000 - 0x00007ffcc1ea3000 	C:\Windows\AppPatch\AppPatch64\AcGenral.DLL
0x00007ffce1cf0000 - 0x00007ffce1d9a000 	C:\Windows\system32\msvcrt.dll
0x00007ffcdfc90000 - 0x00007ffcdfcbe000 	C:\Windows\system32\SspiCli.dll
0x00007ffce05b0000 - 0x00007ffce0604000 	C:\Windows\system32\SHLWAPI.dll
0x00007ffce03c0000 - 0x00007ffce0537000 	C:\Windows\system32\USER32.dll
0x00007ffce1b40000 - 0x00007ffce1cd4000 	C:\Windows\system32\ole32.dll
0x00007ffce0610000 - 0x00007ffce1b38000 	C:\Windows\system32\SHELL32.dll
0x00007ffcdf140000 - 0x00007ffcdf161000 	C:\Windows\SYSTEM32\USERENV.dll
0x00007ffce29a0000 - 0x00007ffce2a4a000 	C:\Windows\system32\ADVAPI32.dll
0x00007ffcd3290000 - 0x00007ffcd32ae000 	C:\Windows\SYSTEM32\MPR.dll
0x00007ffce26a0000 - 0x00007ffce27e0000 	C:\Windows\system32\RPCRT4.dll
0x00007ffce0360000 - 0x00007ffce03b9000 	C:\Windows\SYSTEM32\sechost.dll
0x00007ffce1fb0000 - 0x00007ffce21c1000 	C:\Windows\SYSTEM32\combase.dll
0x00007ffce0210000 - 0x00007ffce035f000 	C:\Windows\system32\GDI32.dll
0x00007ffcdfb70000 - 0x00007ffcdfb85000 	C:\Windows\SYSTEM32\profapi.dll
0x00007ffcddef0000 - 0x00007ffcddfa2000 	C:\Windows\SYSTEM32\SHCORE.dll
0x00007ffce2660000 - 0x00007ffce2696000 	C:\Windows\system32\IMM32.DLL
0x00007ffce23c0000 - 0x00007ffce2512000 	C:\Windows\system32\MSCTF.dll
0x00007ffcdbfc0000 - 0x00007ffcdc23b000 	C:\Windows\WinSxS\amd64_microsoft.windows.common-controls_6595b64144ccf1df_6.0.9600.18006_none_623f33d3ecbe86e8\COMCTL32.dll
0x0000000069960000 - 0x0000000069a32000 	C:\Program Files\Java\jdk1.8.0\jre\bin\msvcr100.dll
0x0000000069e70000 - 0x000000006a69a000 	C:\Program Files\Java\jdk1.8.0\jre\bin\server\jvm.dll
0x00007ffcd5150000 - 0x00007ffcd5159000 	C:\Windows\SYSTEM32\WSOCK32.dll
0x00007ffcdbb80000 - 0x00007ffcdbba2000 	C:\Windows\SYSTEM32\WINMM.dll
0x00007ffce25f0000 - 0x00007ffce25f7000 	C:\Windows\system32\PSAPI.DLL
0x00007ffce1db0000 - 0x00007ffce1e0a000 	C:\Windows\system32\WS2_32.dll
0x00007ffcdbb40000 - 0x00007ffcdbb6a000 	C:\Windows\SYSTEM32\WINMMBASE.dll
0x00007ffce23b0000 - 0x00007ffce23b9000 	C:\Windows\system32\NSI.dll
0x00007ffcdfc40000 - 0x00007ffcdfc8f000 	C:\Windows\SYSTEM32\cfgmgr32.dll
0x00007ffcde960000 - 0x00007ffcde988000 	C:\Windows\SYSTEM32\DEVOBJ.dll
0x000000006aee0000 - 0x000000006aeef000 	C:\Program Files\Java\jdk1.8.0\jre\bin\verify.dll
0x000000006aeb0000 - 0x000000006aed8000 	C:\Program Files\Java\jdk1.8.0\jre\bin\java.dll
0x000000006ae90000 - 0x000000006aea6000 	C:\Program Files\Java\jdk1.8.0\jre\bin\zip.dll

VM Arguments:
jvm_args: -Djava.awt.headless=true -Xmx1024M -Dfile.encoding=windows-1252 -Duser.country=IN -Duser.language=en -Duser.variant 
java_command: com.android.dx.command.Main --dex --force-jumbo --num-threads=4 --multi-dex --output C:\Nnotes1\app\build\intermediates\transforms\dex\debug\folders\1000\10\com.android.support-support-fragment-24.2.0_9fb64cb1f44295b65bec0a5f39e85fdf92c8a8be C:\Nnotes1\app\build\intermediates\exploded-aar\com.android.support\support-fragment\24.2.0\jars\classes.jar
java_class_path (initial): C:\Users\Nayan J\AppData\Local\Android\Sdk\build-tools\24.0.2\lib\dx.jar
Launcher Type: SUN_STANDARD

Environment Variables:
JAVA_HOME=C:\Program Files\Java\jdk1.8.0
JRE_HOME=C:\Program Files\Java\jre8
CLASSPATH=C:\oraclexe\app\oracle\product\11.2.0\server\jdbc\lib\ojdbc6.jar;E:\java\Tomcat8.0\lib\servlet-api.jar;E:\java\mysql-connector-java-5.1.39\mysql-connector-java-5.1.39-bin.jar;.;
PATH=C:\Program Files (x86)\PHP\;C:\oraclexe\app\oracle\product\11.2.0\server\bin;;C:\Python34\Lib\site-packages\PyQt4;C:\Python34\;C:\Python34\Scripts;C:\Program Files (x86)\Intel\iCLS Client\;C:\Program Files\Intel\iCLS Client\;C:\Windows\system32;C:\Windows;C:\Windows\System32\Wbem;C:\Windows\System32\WindowsPowerShell\v1.0\;C:\Program Files\Intel\Intel(R) Management Engine Components\DAL;C:\Program Files (x86)\Intel\Intel(R) Management Engine Components\DAL;C:\Program Files\Intel\Intel(R) Management Engine Components\IPT;C:\Program Files (x86)\Intel\Intel(R) Management Engine Components\IPT;C:\Program Files\Intel\WiFi\bin\;C:\Program Files\Common Files\Intel\WirelessCommon\;C:\Program Files\Java\jdk1.8.0\bin;C:\Program Files\Java\jdk1.7.0_51\bin;C:\Windows\system32\config\systemprofile\.dnx\bin;C:\Program Files\Microsoft DNX\Dnvm\;C:\Program Files (x86)\Windows Kits\8.1\Windows Performance Toolkit\;C:\Program Files (x86)\Brackets\command;C:\Users\Nayan J\AppData\Local\Programs\Python\Python35-32;C:\oraclexe\app\oracle\product\10.2.0\server\jdbc\lib\ojdbc14.jar;C:\Users\Nayan J\Downloads\Compressed\mysql-connector-java-5.1.39\mysql-connector-java-5.1.39\mysql-connector-java-5.1.39-bin.jar;C:\Program Files (x86)\nodejs\;E:\Python\electron-v1.2.5-win32-ia32_3\;C:\Program Files (x86)\CodeBlocks\MinGW\bin\;C:\php;\;C:\Program Files\MySQL\MySQL Server 5.5\bin;C:\Program Files (x86)\Microsoft VS Code\bin;C:\Users\Nayan J\AppData\Local\atom\bin;C:\Users\Nayan J\AppData\Roaming\npm;E:\Python\electron-v1.2.5-win32-ia32_3\;C:\Android\sdk\platform-tools;C:\Android\sdk\tools;
USERNAME=Nayan J
OS=Windows_NT
PROCESSOR_IDENTIFIER=Intel64 Family 6 Model 61 Stepping 4, GenuineIntel



---------------  S Y S T E M  ---------------

OS: Windows 8.1 , 64 bit Build 9600 

CPU:total 4 (2 cores per cpu, 2 threads per core) family 6 model 61 stepping 4, cmov, cx8, fxsr, mmx, sse, sse2, sse3, ssse3, sse4.1, sse4.2, popcnt, avx, avx2, aes, clmul, erms, ht, tsc, tscinvbit

Memory: 4k page, physical 8296948k(1022108k free), swap 11442676k(4704k free)

vm_info: Java HotSpot(TM) 64-Bit Server VM (25.0-b69) for windows-amd64 JRE (1.8.0-b127), built on Jan 30 2014 02:37:46 by "java_re" with MS VC++ 10.0 (VS2010)

time: Mon Apr 10 02:29:14 2017
elapsed time: 0 seconds

